This is pdfTeX, Version 3.141592653-2.6-1.40.22 (TeX Live 2021) (preloaded format=latex 2023.5.10)  17 MAY 2023 10:50
entering extended mode
 restricted \write18 enabled.
 %&-line parsing enabled.
**output/report.tex
(./output/report.tex
LaTeX2e <2020-10-01> patch level 4
L3 programming layer <2021-05-07>
(/usr/share/texlive/texmf-dist/tex/latex/base/article.cls
Document Class: article 2020/04/10 v1.4m Standard LaTeX document class
(/usr/share/texlive/texmf-dist/tex/latex/base/size10.clo
File: size10.clo 2020/04/10 v1.4m Standard LaTeX file (size option)
)
\c@part=\count179
\c@section=\count180
\c@subsection=\count181
\c@subsubsection=\count182
\c@paragraph=\count183
\c@subparagraph=\count184
\c@figure=\count185
\c@table=\count186
\abovecaptionskip=\skip47
\belowcaptionskip=\skip48
\bibindent=\dimen138
)
(/usr/share/texlive/texmf-dist/tex/latex/tools/tabularx.sty
Package: tabularx 2020/01/15 v2.11c `tabularx' package (DPC)

(/usr/share/texlive/texmf-dist/tex/latex/tools/array.sty
Package: array 2020/10/01 v2.5c Tabular extension package (FMi)
\col@sep=\dimen139
\ar@mcellbox=\box47
\extrarowheight=\dimen140
\NC@list=\toks15
\extratabsurround=\skip49
\backup@length=\skip50
\ar@cellbox=\box48
)
\TX@col@width=\dimen141
\TX@old@table=\dimen142
\TX@old@col=\dimen143
\TX@target=\dimen144
\TX@delta=\dimen145
\TX@cols=\count187
\TX@ftn=\toks16
)
(/usr/share/texlive/texmf-dist/tex/latex/xcolor/xcolor.sty
Package: xcolor 2016/05/11 v2.12 LaTeX color extensions (UK)

(/usr/share/texlive/texmf-dist/tex/latex/graphics-cfg/color.cfg
File: color.cfg 2016/01/02 v1.6 sample color configuration
)
Package xcolor Info: Driver file: dvips.def on input line 225.

(/usr/share/texlive/texmf-dist/tex/latex/graphics-def/dvips.def
File: dvips.def 2017/06/20 v3.1d Graphics/color driver for dvips
)
Package xcolor Info: Model `cmy' substituted by `cmy0' on input line 1348.
Package xcolor Info: Model `RGB' extended on input line 1364.
Package xcolor Info: Model `HTML' substituted by `rgb' on input line 1366.
Package xcolor Info: Model `Hsb' substituted by `hsb' on input line 1367.
Package xcolor Info: Model `tHsb' substituted by `hsb' on input line 1368.
Package xcolor Info: Model `HSB' substituted by `hsb' on input line 1369.
Package xcolor Info: Model `Gray' substituted by `gray' on input line 1370.
Package xcolor Info: Model `wave' substituted by `hsb' on input line 1371.
)
(/usr/share/texlive/texmf-dist/tex/latex/colortbl/colortbl.sty
Package: colortbl 2020/01/04 v1.0e Color table columns (DPC)
\everycr=\toks17
\minrowclearance=\skip51
)
(/usr/share/texlive/texmf-dist/tex/latex/geometry/geometry.sty
Package: geometry 2020/01/02 v5.9 Page Geometry

(/usr/share/texlive/texmf-dist/tex/latex/graphics/keyval.sty
Package: keyval 2014/10/28 v1.15 key=value parser (DPC)
\KV@toks@=\toks18
)
(/usr/share/texlive/texmf-dist/tex/generic/iftex/ifvtex.sty
Package: ifvtex 2019/10/25 v1.7 ifvtex legacy package. Use iftex instead.

(/usr/share/texlive/texmf-dist/tex/generic/iftex/iftex.sty
Package: iftex 2020/03/06 v1.0d TeX engine tests
))
\Gm@cnth=\count188
\Gm@cntv=\count189
\c@Gm@tempcnt=\count190
\Gm@bindingoffset=\dimen146
\Gm@wd@mp=\dimen147
\Gm@odd@mp=\dimen148
\Gm@even@mp=\dimen149
\Gm@layoutwidth=\dimen150
\Gm@layoutheight=\dimen151
\Gm@layouthoffset=\dimen152
\Gm@layoutvoffset=\dimen153
\Gm@dimlist=\toks19
)
(/usr/share/texlive/texmf-dist/tex/latex/paracol/paracol.sty
Package: paracol 2018/12/31 v1.35 
\pcol@currcol=\count191
\pcol@nextcol=\count192
\pcol@ncol=\count193
\pcol@ncolleft=\count194
\pcol@page=\count195
\pcol@basepage=\count196
\pcol@toppage=\count197
\pcol@footnotebase=\count198
\pcol@nfootnotes=\count199
\pcol@mcid=\count266
\pcol@prevdepth=\dimen154
\pcol@colht=\dimen155
\pcol@textfloatsep=\dimen156
\pcol@lrmargin=\dimen157
\pagerim=\dimen158
\pcol@topskip=\skip52
\belowfootnoteskip=\skip53
\pcol@topfnotes=\box49
\pcol@prespan=\box50
\pcol@rightpage=\box51
\pcol@colorstack@saved=\box52
\pcol@tempboxa=\box53
\pcol@tempboxb=\box54
\pcol@colorins=\insert252
\pcol@everyvbox=\toks20
)
(/usr/share/texlive/texmf-dist/tex/latex/graphics/graphicx.sty
Package: graphicx 2020/09/09 v1.2b Enhanced LaTeX Graphics (DPC,SPQR)

(/usr/share/texlive/texmf-dist/tex/latex/graphics/graphics.sty
Package: graphics 2020/08/30 v1.4c Standard LaTeX Graphics (DPC,SPQR)

(/usr/share/texlive/texmf-dist/tex/latex/graphics/trig.sty
Package: trig 2016/01/03 v1.10 sin cos tan (DPC)
)
(/usr/share/texlive/texmf-dist/tex/latex/graphics-cfg/graphics.cfg
File: graphics.cfg 2016/06/04 v1.11 sample graphics configuration
)
Package graphics Info: Driver file: dvips.def on input line 105.
)
\Gin@req@height=\dimen159
\Gin@req@width=\dimen160
)
(/usr/share/texlive/texmf-dist/tex/latex/l3backend/l3backend-dvips.def
File: l3backend-dvips.def 2021-05-07 L3 backend support: dvips
\l__pdf_internal_box=\box55
\g__pdf_backend_object_int=\count267
\l__pdf_backend_content_box=\box56
\l__pdf_backend_model_box=\box57
\g__pdf_backend_annotation_int=\count268
\g__pdf_backend_link_int=\count269
\g__pdf_backend_link_sf_int=\count270
)
(./report.aux)
\openout1 = `report.aux'.

LaTeX Font Info:    Checking defaults for OML/cmm/m/it on input line 20.
LaTeX Font Info:    ... okay on input line 20.
LaTeX Font Info:    Checking defaults for OMS/cmsy/m/n on input line 20.
LaTeX Font Info:    ... okay on input line 20.
LaTeX Font Info:    Checking defaults for OT1/cmr/m/n on input line 20.
LaTeX Font Info:    ... okay on input line 20.
LaTeX Font Info:    Checking defaults for T1/cmr/m/n on input line 20.
LaTeX Font Info:    ... okay on input line 20.
LaTeX Font Info:    Checking defaults for TS1/cmr/m/n on input line 20.
LaTeX Font Info:    ... okay on input line 20.
LaTeX Font Info:    Checking defaults for OMX/cmex/m/n on input line 20.
LaTeX Font Info:    ... okay on input line 20.
LaTeX Font Info:    Checking defaults for U/cmr/m/n on input line 20.
LaTeX Font Info:    ... okay on input line 20.

*geometry* driver: auto-detecting
*geometry* detected driver: dvips
*geometry* verbose mode - [ preamble ] result:
* driver: dvips
* paper: <default>
* layout: <same size as paper>
* layoutoffset:(h,v)=(0.0pt,0.0pt)
* modes: 
* h-part:(L,W,R)=(60.70653pt, 492.88194pt, 60.70653pt)
* v-part:(T,H,B)=(60.70653pt, 673.55693pt, 60.70653pt)
* \paperwidth=614.295pt
* \paperheight=794.96999pt
* \textwidth=492.88194pt
* \textheight=673.55693pt
* \oddsidemargin=-11.56346pt
* \evensidemargin=-11.56346pt
* \topmargin=-48.56346pt
* \headheight=12.0pt
* \headsep=25.0pt
* \topskip=10.0pt
* \footskip=30.0pt
* \marginparwidth=65.0pt
* \marginparsep=11.0pt
* \columnsep=10.0pt
* \skip\footins=9.0pt plus 4.0pt minus 2.0pt
* \hoffset=0.0pt
* \voffset=0.0pt
* \mag=1000
* \@twocolumnfalse
* \@twosidefalse
* \@mparswitchfalse
* \@reversemarginfalse
* (1in=72.27pt=25.4mm, 1cm=28.453pt)


! LaTeX Error: File `biotec' not found.

See the LaTeX manual or LaTeX Companion for explanation.
Type  H <return>  for immediate help.
 ...                                              
                                                  
l.22 \includegraphics[scale=0.20]{biotec}
                                         
? 
! Emergency stop.
 ...                                              
                                                  
l.22 \includegraphics[scale=0.20]{biotec}
                                         
I could not locate the file with any of these extensions:
.eps,.ps,.eps.gz,.ps.gz,.eps.Z,.mps
Try typing  <return>  to proceed.
If that doesn't work, type  X <return>  to quit.

 
Here is how much of TeX's memory you used:
 2501 strings out of 480853
 36779 string characters out of 5906899
 341044 words of memory out of 6000000
 19862 multiletter control sequences out of 15000+600000
 403735 words of font info for 28 fonts, out of 8000000 for 9000
 14 hyphenation exceptions out of 8191
 55i,1n,62p,214b,56s stack positions out of 5000i,500n,10000p,200000b,80000s
No pages of output.
