This is pdfTeX, Version 3.141592653-2.6-1.40.22 (TeX Live 2021) (preloaded format=pdflatex 2023.5.10)  24 MAY 2023 10:51
entering extended mode
 restricted \write18 enabled.
 %&-line parsing enabled.
**output/report.tex
(./output/report.tex
LaTeX2e <2020-10-01> patch level 4
L3 programming layer <2021-05-07>
(/usr/share/texlive/texmf-dist/tex/latex/base/article.cls
Document Class: article 2020/04/10 v1.4m Standard LaTeX document class
(/usr/share/texlive/texmf-dist/tex/latex/base/size10.clo
File: size10.clo 2020/04/10 v1.4m Standard LaTeX file (size option)
)
\c@part=\count179
\c@section=\count180
\c@subsection=\count181
\c@subsubsection=\count182
\c@paragraph=\count183
\c@subparagraph=\count184
\c@figure=\count185
\c@table=\count186
\abovecaptionskip=\skip47
\belowcaptionskip=\skip48
\bibindent=\dimen138
)
(/usr/share/texlive/texmf-dist/tex/latex/tools/tabularx.sty
Package: tabularx 2020/01/15 v2.11c `tabularx' package (DPC)

(/usr/share/texlive/texmf-dist/tex/latex/tools/array.sty
Package: array 2020/10/01 v2.5c Tabular extension package (FMi)
\col@sep=\dimen139
\ar@mcellbox=\box47
\extrarowheight=\dimen140
\NC@list=\toks15
\extratabsurround=\skip49
\backup@length=\skip50
\ar@cellbox=\box48
)
\TX@col@width=\dimen141
\TX@old@table=\dimen142
\TX@old@col=\dimen143
\TX@target=\dimen144
\TX@delta=\dimen145
\TX@cols=\count187
\TX@ftn=\toks16
)
(/usr/share/texlive/texmf-dist/tex/latex/xcolor/xcolor.sty
Package: xcolor 2016/05/11 v2.12 LaTeX color extensions (UK)

(/usr/share/texlive/texmf-dist/tex/latex/graphics-cfg/color.cfg
File: color.cfg 2016/01/02 v1.6 sample color configuration
)
Package xcolor Info: Driver file: pdftex.def on input line 225.

(/usr/share/texlive/texmf-dist/tex/latex/graphics-def/pdftex.def
File: pdftex.def 2020/10/05 v1.2a Graphics/color driver for pdftex
)
Package xcolor Info: Model `cmy' substituted by `cmy0' on input line 1348.
Package xcolor Info: Model `hsb' substituted by `rgb' on input line 1352.
Package xcolor Info: Model `RGB' extended on input line 1364.
Package xcolor Info: Model `HTML' substituted by `rgb' on input line 1366.
Package xcolor Info: Model `Hsb' substituted by `hsb' on input line 1367.
Package xcolor Info: Model `tHsb' substituted by `hsb' on input line 1368.
Package xcolor Info: Model `HSB' substituted by `hsb' on input line 1369.
Package xcolor Info: Model `Gray' substituted by `gray' on input line 1370.
Package xcolor Info: Model `wave' substituted by `hsb' on input line 1371.
)
(/usr/share/texlive/texmf-dist/tex/latex/colortbl/colortbl.sty
Package: colortbl 2020/01/04 v1.0e Color table columns (DPC)
\everycr=\toks17
\minrowclearance=\skip51
)
(/usr/share/texlive/texmf-dist/tex/latex/geometry/geometry.sty
Package: geometry 2020/01/02 v5.9 Page Geometry

(/usr/share/texlive/texmf-dist/tex/latex/graphics/keyval.sty
Package: keyval 2014/10/28 v1.15 key=value parser (DPC)
\KV@toks@=\toks18
)
(/usr/share/texlive/texmf-dist/tex/generic/iftex/ifvtex.sty
Package: ifvtex 2019/10/25 v1.7 ifvtex legacy package. Use iftex instead.

(/usr/share/texlive/texmf-dist/tex/generic/iftex/iftex.sty
Package: iftex 2020/03/06 v1.0d TeX engine tests
))
\Gm@cnth=\count188
\Gm@cntv=\count189
\c@Gm@tempcnt=\count190
\Gm@bindingoffset=\dimen146
\Gm@wd@mp=\dimen147
\Gm@odd@mp=\dimen148
\Gm@even@mp=\dimen149
\Gm@layoutwidth=\dimen150
\Gm@layoutheight=\dimen151
\Gm@layouthoffset=\dimen152
\Gm@layoutvoffset=\dimen153
\Gm@dimlist=\toks19
)
(/usr/share/texlive/texmf-dist/tex/latex/paracol/paracol.sty
Package: paracol 2018/12/31 v1.35 
\pcol@currcol=\count191
\pcol@nextcol=\count192
\pcol@ncol=\count193
\pcol@ncolleft=\count194
\pcol@page=\count195
\pcol@basepage=\count196
\pcol@toppage=\count197
\pcol@footnotebase=\count198
\pcol@nfootnotes=\count199
\pcol@mcid=\count266
\pcol@prevdepth=\dimen154
\pcol@colht=\dimen155
\pcol@textfloatsep=\dimen156
\pcol@lrmargin=\dimen157
\pagerim=\dimen158
\pcol@topskip=\skip52
\belowfootnoteskip=\skip53
\pcol@topfnotes=\box49
\pcol@prespan=\box50
\pcol@rightpage=\box51
\pcol@colorstack@saved=\box52
\pcol@tempboxa=\box53
\pcol@tempboxb=\box54
\pcol@colorins=\insert252
\pcol@everyvbox=\toks20
)
(/usr/share/texlive/texmf-dist/tex/latex/graphics/graphicx.sty
Package: graphicx 2020/09/09 v1.2b Enhanced LaTeX Graphics (DPC,SPQR)

(/usr/share/texlive/texmf-dist/tex/latex/graphics/graphics.sty
Package: graphics 2020/08/30 v1.4c Standard LaTeX Graphics (DPC,SPQR)

(/usr/share/texlive/texmf-dist/tex/latex/graphics/trig.sty
Package: trig 2016/01/03 v1.10 sin cos tan (DPC)
)
(/usr/share/texlive/texmf-dist/tex/latex/graphics-cfg/graphics.cfg
File: graphics.cfg 2016/06/04 v1.11 sample graphics configuration
)
Package graphics Info: Driver file: pdftex.def on input line 105.
)
\Gin@req@height=\dimen159
\Gin@req@width=\dimen160
)
(/usr/share/texlive/texmf-dist/tex/latex/l3backend/l3backend-pdftex.def
File: l3backend-pdftex.def 2021-05-07 L3 backend support: PDF output (pdfTeX)
\l__color_backend_stack_int=\count267
\l__pdf_internal_box=\box55
)
(output/report.aux)
\openout1 = `report.aux'.

LaTeX Font Info:    Checking defaults for OML/cmm/m/it on input line 21.
LaTeX Font Info:    ... okay on input line 21.
LaTeX Font Info:    Checking defaults for OMS/cmsy/m/n on input line 21.
LaTeX Font Info:    ... okay on input line 21.
LaTeX Font Info:    Checking defaults for OT1/cmr/m/n on input line 21.
LaTeX Font Info:    ... okay on input line 21.
LaTeX Font Info:    Checking defaults for T1/cmr/m/n on input line 21.
LaTeX Font Info:    ... okay on input line 21.
LaTeX Font Info:    Checking defaults for TS1/cmr/m/n on input line 21.
LaTeX Font Info:    ... okay on input line 21.
LaTeX Font Info:    Checking defaults for OMX/cmex/m/n on input line 21.
LaTeX Font Info:    ... okay on input line 21.
LaTeX Font Info:    Checking defaults for U/cmr/m/n on input line 21.
LaTeX Font Info:    ... okay on input line 21.

(/usr/share/texlive/texmf-dist/tex/context/base/mkii/supp-pdf.mkii
[Loading MPS to PDF converter (version 2006.09.02).]
\scratchcounter=\count268
\scratchdimen=\dimen161
\scratchbox=\box56
\nofMPsegments=\count269
\nofMParguments=\count270
\everyMPshowfont=\toks21
\MPscratchCnt=\count271
\MPscratchDim=\dimen162
\MPnumerator=\count272
\makeMPintoPDFobject=\count273
\everyMPtoPDFconversion=\toks22
) (/usr/share/texlive/texmf-dist/tex/latex/epstopdf-pkg/epstopdf-base.sty
Package: epstopdf-base 2020-01-24 v2.11 Base part for package epstopdf
Package epstopdf-base Info: Redefining graphics rule for `.eps' on input line 4
85.

(/usr/share/texlive/texmf-dist/tex/latex/latexconfig/epstopdf-sys.cfg
File: epstopdf-sys.cfg 2010/07/13 v1.3 Configuration of (r)epstopdf for TeX Liv
e
))
*geometry* driver: auto-detecting
*geometry* detected driver: pdftex
*geometry* verbose mode - [ preamble ] result:
* driver: pdftex
* paper: <default>
* layout: <same size as paper>
* layoutoffset:(h,v)=(0.0pt,0.0pt)
* modes: 
* h-part:(L,W,R)=(54.2025pt, 505.89pt, 54.2025pt)
* v-part:(T,H,B)=(54.2025pt, 686.56499pt, 54.2025pt)
* \paperwidth=614.295pt
* \paperheight=794.96999pt
* \textwidth=505.89pt
* \textheight=686.56499pt
* \oddsidemargin=-18.06749pt
* \evensidemargin=-18.06749pt
* \topmargin=-55.06749pt
* \headheight=12.0pt
* \headsep=25.0pt
* \topskip=10.0pt
* \footskip=30.0pt
* \marginparwidth=65.0pt
* \marginparsep=11.0pt
* \columnsep=10.0pt
* \skip\footins=9.0pt plus 4.0pt minus 2.0pt
* \hoffset=0.0pt
* \voffset=0.0pt
* \mag=1000
* \@twocolumnfalse
* \@twosidefalse
* \@mparswitchfalse
* \@reversemarginfalse
* (1in=72.27pt=25.4mm, 1cm=28.453pt)

<./resources//biotec.png, id=1, 752.8125pt x 118.94438pt>
File: ./resources//biotec.png Graphic file (type png)
<use ./resources//biotec.png>
Package pdftex.def Info: ./resources//biotec.png  used on input line 23.
(pdftex.def)             Requested size: 150.55983pt x 23.78845pt.
LaTeX Font Info:    Trying to load font information for TS1+cmss on input line 
43.
(/usr/share/texlive/texmf-dist/tex/latex/base/ts1cmss.fd
File: ts1cmss.fd 2019/12/16 v2.5j Standard LaTeX font definitions
) [1

{/usr/share/texlive/texmf-var/fonts/map/pdftex/updmap/pdftex.map} <output/./res
ources//biotec.png>]
File: ./resources//biotec.png Graphic file (type png)
<use ./resources//biotec.png>
Package pdftex.def Info: ./resources//biotec.png  used on input line 46.
(pdftex.def)             Requested size: 150.55983pt x 23.78845pt.

Underfull \hbox (badness 10000) in paragraph at lines 110--110
[]|\OT1/cmss/m/n/10 Strain at strength
 []


Underfull \hbox (badness 10000) in paragraph at lines 110--110
[]|\OT1/cmss/m/n/10 Tear re-sis-tance
 []


Underfull \hbox (badness 10000) in paragraph at lines 110--110
[]|\OT1/cmss/m/n/10 Oblique tear
 []


Overfull \hbox (5.0pt too wide) in paragraph at lines 110--110
 [][] 
 []


Underfull \hbox (badness 1292) in paragraph at lines 141--141
[]|\OT1/cmss/m/n/10 Charpy im-pact strength
 []


Overfull \hbox (5.0pt too wide) in paragraph at lines 141--142
 [][] 
 []

[2

]
File: ./resources//biotec.png Graphic file (type png)
<use ./resources//biotec.png>
Package pdftex.def Info: ./resources//biotec.png  used on input line 161.
(pdftex.def)             Requested size: 150.55983pt x 23.78845pt.

Underfull \hbox (badness 10000) in paragraph at lines 225--225
[]|\OT1/cmss/m/n/10 Strain at strength
 []


Underfull \hbox (badness 10000) in paragraph at lines 225--225
[]|\OT1/cmss/m/n/10 Tear re-sis-tance
 []


Underfull \hbox (badness 10000) in paragraph at lines 225--225
[]|\OT1/cmss/m/n/10 Oblique tear
 []


Overfull \hbox (5.0pt too wide) in paragraph at lines 225--225
 [][] 
 []


Underfull \hbox (badness 1292) in paragraph at lines 256--256
[]|\OT1/cmss/m/n/10 Charpy im-pact strength
 []


Overfull \hbox (5.0pt too wide) in paragraph at lines 256--257
 [][] 
 []

[3

]
File: ./resources//biotec.png Graphic file (type png)
<use ./resources//biotec.png>
Package pdftex.def Info: ./resources//biotec.png  used on input line 276.
(pdftex.def)             Requested size: 150.55983pt x 23.78845pt.

Underfull \hbox (badness 10000) in paragraph at lines 338--338
[]|\OT1/cmss/m/n/10 Strain at strength
 []


Underfull \hbox (badness 10000) in paragraph at lines 338--338
[]|\OT1/cmss/m/n/10 Tear re-sis-tance
 []


Underfull \hbox (badness 10000) in paragraph at lines 338--338
[]|\OT1/cmss/m/n/10 Oblique tear
 []


Overfull \hbox (5.0pt too wide) in paragraph at lines 338--338
 [][] 
 []


Underfull \hbox (badness 1292) in paragraph at lines 369--369
[]|\OT1/cmss/m/n/10 Charpy im-pact strength
 []


Overfull \hbox (5.0pt too wide) in paragraph at lines 369--370
 [][] 
 []

[4

] (output/report.aux) ) 
Here is how much of TeX's memory you used:
 3034 strings out of 480852
 44698 string characters out of 5906873
 379116 words of memory out of 6000000
 20376 multiletter control sequences out of 15000+600000
 405609 words of font info for 34 fonts, out of 8000000 for 9000
 14 hyphenation exceptions out of 8191
 55i,10n,62p,739b,432s stack positions out of 5000i,500n,10000p,200000b,80000s
{/usr/share/texlive/texmf-dist/fonts/enc/dvips/cm-super/
cm-super-ts1.enc}</usr/share/texlive/texmf-dist/fonts/type1/public/amsfonts/cm/
cmmi10.pfb></usr/share/texlive/texmf-dist/fonts/type1/public/amsfonts/cm/cmr7.p
fb></usr/share/texlive/texmf-dist/fonts/type1/public/amsfonts/cm/cmss10.pfb></u
sr/share/texlive/texmf-dist/fonts/type1/public/amsfonts/cm/cmss8.pfb></usr/shar
e/texlive/texmf-dist/fonts/type1/public/amsfonts/cm/cmssbx10.pfb></usr/share/te
xlive/texmf-dist/fonts/type1/public/cm-super/sfss0700.pfb></usr/share/texlive/t
exmf-dist/fonts/type1/public/cm-super/sfss1000.pfb>
Output written on output/report.pdf (4 pages, 87981 bytes).
PDF statistics:
 49 PDF objects out of 1000 (max. 8388607)
 33 compressed objects within 1 object stream
 0 named destinations out of 1000 (max. 500000)
 6 words of extra memory for PDF output out of 10000 (max. 10000000)

